QuEST execution environment:
  [precision]
    qreal.................double (8 bytes)
    qcomp.................std::complex<double> (16 bytes)
    qindex................long long int (8 bytes)
    validationEpsilon.....1e-12
  [compilation]
    isMpiCompiled...........1
    isGpuCompiled...........0
    isOmpCompiled...........1
    isCuQuantumCompiled.....0
  [deployment]
    isMpiEnabled.....1
    isGpuEnabled.....0
    isOmpEnabled.....1
  [cpu]
    numCpuCores.......2 per machine
    numOmpProcs.......2 per machine
    numOmpThrds.......2 per node
    cpuMemory.........unknown
    cpuMemoryFree.....unknown
  [gpu]
    numGpus...........N/A
    gpuDirect.........N/A
    gpuMemPools.......N/A
    gpuMemory.........N/A
    gpuMemoryFree.....N/A
    gpuCache..........N/A
  [distribution]
    isMpiGpuAware.....0
    numMpiNodes.......2
  [statevector limits]
    minQubitsForMpi.............1
    maxQubitsForCpu.............unknown
    maxQubitsForGpu.............N/A
    maxQubitsForMpiCpu..........unknown
    maxQubitsForMpiGpu..........N/A
    maxQubitsForMemOverflow.....58
    maxQubitsForIndOverflow.....63
  [density matrix limits]
    minQubitsForMpi.............1
    maxQubitsForCpu.............unknown
    maxQubitsForGpu.............N/A
    maxQubitsForMpiCpu..........unknown
    maxQubitsForMpiGpu..........N/A
    maxQubitsForMemOverflow.....28
    maxQubitsForIndOverflow.....31
  [statevector autodeployment]
    8 qubits......[omp] 
    27 qubits.....[omp] [mpi] 
  [density matrix autodeployment]
    4 qubits......[omp] 
    14 qubits.....[omp] [mpi] 

Qureg:
  [deployment]
    isMpiEnabled.....1
    isGpuEnabled.....0
    isOmpEnabled.....1
  [dimension]
    isDensMatr.....0
    numQubits......20
    numCols........N/A
    numAmps........2^20 = 1048576
  [distribution]
    numNodes.....2^1 = 2
    numCols......N/A
    numAmps......2^19 = 524288 per node
  [memory]
    cpuAmps...........8 MiB per node
    gpuAmps...........N/A
    cpuCommBuffer.....8 MiB per node
    gpuCommBuffer.....N/A
    globalTotal.......32 MiB

Qureg (20 qubit statevector, 1048576 qcomps over 2 nodes, 16 MiB per node):
    -0.00035317-(5.6292e-5)i  |0⟩        [node 0]
    0.0015363-(1.7533e-5)i    |1⟩      
    0.00062588+0.00072625i    |2⟩      
    -0.00080964+(2.2772e-5)i  |3⟩      
    0.00085399-0.0020077i     |4⟩      
    0.00040482-0.00076286i    |5⟩      
    (4.1236e-5)-0.0013583i    |6⟩      
    -0.00092391+0.00031508i   |7⟩      
    0.00016107-0.00098275i    |8⟩      
    0.00054993-0.00068772i    |9⟩      
    -0.00020783-0.00047035i   |10⟩     
    -0.0006605+0.00092052i    |11⟩     
    0.00021903-0.00057971i    |12⟩     
    0.00095166+0.00048657i    |13⟩     
    0.0015136+0.00022281i     |14⟩     
    -0.00088756+0.00036066i   |15⟩     
                ⋮
    (2.6407e-5)-0.0013206i    |1048560⟩  [node 1]
    0.0003553+0.00047549i     |1048561⟩
    (6.2077e-5)-0.0008402i    |1048562⟩
    -0.00024799-0.00065341i   |1048563⟩
    -0.00078508+0.00071115i   |1048564⟩
    0.001161-0.000648i        |1048565⟩
    0.00053157-0.00024318i    |1048566⟩
    -0.00013913-0.0008997i    |1048567⟩
    0.00039822-0.00017886i    |1048568⟩
    0.00064027-0.00034332i    |1048569⟩
    (7.4616e-6)+0.0002781i    |1048570⟩
    -0.0010298+0.0020206i     |1048571⟩
    0.00093982+0.00080633i    |1048572⟩
    0.00068847+0.00096735i    |1048573⟩
    0.00037213+0.00045079i    |1048574⟩
    -0.00042246+0.00028885i   |1048575⟩

Total probability: 1

