\BOOKMARK [1][-]{section.1}{\376\377\000D\000a\000t\000a\000\040\000S\000t\000r\000u\000c\000t\000u\000r\000e\000\040\000I\000n\000d\000e\000x}{}
\BOOKMARK [2][-]{subsection.1.1}{\376\377\000D\000a\000t\000a\000\040\000S\000t\000r\000u\000c\000t\000u\000r\000e\000s}{section.1}
\BOOKMARK [1][-]{section.2}{\376\377\000F\000i\000l\000e\000\040\000I\000n\000d\000e\000x}{}
\BOOKMARK [2][-]{subsection.2.1}{\376\377\000F\000i\000l\000e\000\040\000L\000i\000s\000t}{section.2}
\BOOKMARK [1][-]{section.3}{\376\377\000D\000a\000t\000a\000\040\000S\000t\000r\000u\000c\000t\000u\000r\000e\000\040\000D\000o\000c\000u\000m\000e\000n\000t\000a\000t\000i\000o\000n}{}
\BOOKMARK [2][-]{subsection.3.1}{\376\377\000C\000o\000m\000p\000l\000e\000x\000\040\000S\000t\000r\000u\000c\000t\000\040\000R\000e\000f\000e\000r\000e\000n\000c\000e}{section.3}
\BOOKMARK [3][-]{subsubsection.3.1.1}{\376\377\000D\000e\000t\000a\000i\000l\000e\000d\000\040\000D\000e\000s\000c\000r\000i\000p\000t\000i\000o\000n}{subsection.3.1}
\BOOKMARK [3][-]{subsubsection.3.1.2}{\376\377\000F\000i\000e\000l\000d\000\040\000D\000o\000c\000u\000m\000e\000n\000t\000a\000t\000i\000o\000n}{subsection.3.1}
\BOOKMARK [2][-]{subsection.3.2}{\376\377\000C\000o\000m\000p\000l\000e\000x\000A\000r\000r\000a\000y\000\040\000S\000t\000r\000u\000c\000t\000\040\000R\000e\000f\000e\000r\000e\000n\000c\000e}{section.3}
\BOOKMARK [3][-]{subsubsection.3.2.1}{\376\377\000D\000e\000t\000a\000i\000l\000e\000d\000\040\000D\000e\000s\000c\000r\000i\000p\000t\000i\000o\000n}{subsection.3.2}
\BOOKMARK [3][-]{subsubsection.3.2.2}{\376\377\000F\000i\000e\000l\000d\000\040\000D\000o\000c\000u\000m\000e\000n\000t\000a\000t\000i\000o\000n}{subsection.3.2}
\BOOKMARK [2][-]{subsection.3.3}{\376\377\000M\000u\000l\000t\000i\000Q\000u\000b\000i\000t\000\040\000S\000t\000r\000u\000c\000t\000\040\000R\000e\000f\000e\000r\000e\000n\000c\000e}{section.3}
\BOOKMARK [3][-]{subsubsection.3.3.1}{\376\377\000D\000e\000t\000a\000i\000l\000e\000d\000\040\000D\000e\000s\000c\000r\000i\000p\000t\000i\000o\000n}{subsection.3.3}
\BOOKMARK [3][-]{subsubsection.3.3.2}{\376\377\000F\000i\000e\000l\000d\000\040\000D\000o\000c\000u\000m\000e\000n\000t\000a\000t\000i\000o\000n}{subsection.3.3}
\BOOKMARK [2][-]{subsection.3.4}{\376\377\000Q\000U\000E\000S\000T\000E\000n\000v\000\040\000S\000t\000r\000u\000c\000t\000\040\000R\000e\000f\000e\000r\000e\000n\000c\000e}{section.3}
\BOOKMARK [3][-]{subsubsection.3.4.1}{\376\377\000D\000e\000t\000a\000i\000l\000e\000d\000\040\000D\000e\000s\000c\000r\000i\000p\000t\000i\000o\000n}{subsection.3.4}
\BOOKMARK [3][-]{subsubsection.3.4.2}{\376\377\000F\000i\000e\000l\000d\000\040\000D\000o\000c\000u\000m\000e\000n\000t\000a\000t\000i\000o\000n}{subsection.3.4}
\BOOKMARK [1][-]{section.4}{\376\377\000F\000i\000l\000e\000\040\000D\000o\000c\000u\000m\000e\000n\000t\000a\000t\000i\000o\000n}{}
\BOOKMARK [2][-]{subsection.4.1}{\376\377\000b\000a\000s\000i\000c\000T\000e\000m\000p\000l\000a\000t\000e\000.\000c\000\040\000F\000i\000l\000e\000\040\000R\000e\000f\000e\000r\000e\000n\000c\000e}{section.4}
\BOOKMARK [3][-]{subsubsection.4.1.1}{\376\377\000D\000e\000t\000a\000i\000l\000e\000d\000\040\000D\000e\000s\000c\000r\000i\000p\000t\000i\000o\000n}{subsection.4.1}
\BOOKMARK [3][-]{subsubsection.4.1.2}{\376\377\000D\000e\000f\000i\000n\000e\000\040\000D\000o\000c\000u\000m\000e\000n\000t\000a\000t\000i\000o\000n}{subsection.4.1}
\BOOKMARK [3][-]{subsubsection.4.1.3}{\376\377\000F\000u\000n\000c\000t\000i\000o\000n\000\040\000D\000o\000c\000u\000m\000e\000n\000t\000a\000t\000i\000o\000n}{subsection.4.1}
\BOOKMARK [3][-]{subsubsection.4.1.4}{\376\377\000V\000a\000r\000i\000a\000b\000l\000e\000\040\000D\000o\000c\000u\000m\000e\000n\000t\000a\000t\000i\000o\000n}{subsection.4.1}
\BOOKMARK [2][-]{subsection.4.2}{\376\377\000q\000u\000b\000i\000t\000s\000.\000c\000\040\000F\000i\000l\000e\000\040\000R\000e\000f\000e\000r\000e\000n\000c\000e}{section.4}
\BOOKMARK [3][-]{subsubsection.4.2.1}{\376\377\000D\000e\000t\000a\000i\000l\000e\000d\000\040\000D\000e\000s\000c\000r\000i\000p\000t\000i\000o\000n}{subsection.4.2}
\BOOKMARK [3][-]{subsubsection.4.2.2}{\376\377\000D\000e\000f\000i\000n\000e\000\040\000D\000o\000c\000u\000m\000e\000n\000t\000a\000t\000i\000o\000n}{subsection.4.2}
\BOOKMARK [3][-]{subsubsection.4.2.3}{\376\377\000F\000u\000n\000c\000t\000i\000o\000n\000\040\000D\000o\000c\000u\000m\000e\000n\000t\000a\000t\000i\000o\000n}{subsection.4.2}
\BOOKMARK [2][-]{subsection.4.3}{\376\377\000q\000u\000b\000i\000t\000s\000.\000h\000\040\000F\000i\000l\000e\000\040\000R\000e\000f\000e\000r\000e\000n\000c\000e}{section.4}
\BOOKMARK [3][-]{subsubsection.4.3.1}{\376\377\000D\000e\000t\000a\000i\000l\000e\000d\000\040\000D\000e\000s\000c\000r\000i\000p\000t\000i\000o\000n}{subsection.4.3}
\BOOKMARK [3][-]{subsubsection.4.3.2}{\376\377\000F\000u\000n\000c\000t\000i\000o\000n\000\040\000D\000o\000c\000u\000m\000e\000n\000t\000a\000t\000i\000o\000n}{subsection.4.3}
\BOOKMARK [2][-]{subsection.4.4}{\376\377\000q\000u\000b\000i\000t\000s\000\137\000e\000n\000v\000\137\000l\000o\000c\000a\000l\000.\000c\000\040\000F\000i\000l\000e\000\040\000R\000e\000f\000e\000r\000e\000n\000c\000e}{section.4}
\BOOKMARK [3][-]{subsubsection.4.4.1}{\376\377\000D\000e\000t\000a\000i\000l\000e\000d\000\040\000D\000e\000s\000c\000r\000i\000p\000t\000i\000o\000n}{subsection.4.4}
\BOOKMARK [3][-]{subsubsection.4.4.2}{\376\377\000F\000u\000n\000c\000t\000i\000o\000n\000\040\000D\000o\000c\000u\000m\000e\000n\000t\000a\000t\000i\000o\000n}{subsection.4.4}
\BOOKMARK [2][-]{subsection.4.5}{\376\377\000q\000u\000b\000i\000t\000s\000\137\000e\000n\000v\000\137\000m\000p\000i\000.\000c\000\040\000F\000i\000l\000e\000\040\000R\000e\000f\000e\000r\000e\000n\000c\000e}{section.4}
\BOOKMARK [3][-]{subsubsection.4.5.1}{\376\377\000D\000e\000t\000a\000i\000l\000e\000d\000\040\000D\000e\000s\000c\000r\000i\000p\000t\000i\000o\000n}{subsection.4.5}
\BOOKMARK [3][-]{subsubsection.4.5.2}{\376\377\000D\000e\000f\000i\000n\000e\000\040\000D\000o\000c\000u\000m\000e\000n\000t\000a\000t\000i\000o\000n}{subsection.4.5}
\BOOKMARK [3][-]{subsubsection.4.5.3}{\376\377\000F\000u\000n\000c\000t\000i\000o\000n\000\040\000D\000o\000c\000u\000m\000e\000n\000t\000a\000t\000i\000o\000n}{subsection.4.5}
\BOOKMARK [2][-]{subsection.4.6}{\376\377\000q\000u\000b\000i\000t\000s\000\137\000e\000n\000v\000\137\000w\000r\000a\000p\000p\000e\000r\000.\000h\000\040\000F\000i\000l\000e\000\040\000R\000e\000f\000e\000r\000e\000n\000c\000e}{section.4}
\BOOKMARK [3][-]{subsubsection.4.6.1}{\376\377\000D\000e\000t\000a\000i\000l\000e\000d\000\040\000D\000e\000s\000c\000r\000i\000p\000t\000i\000o\000n}{subsection.4.6}
\BOOKMARK [3][-]{subsubsection.4.6.2}{\376\377\000F\000u\000n\000c\000t\000i\000o\000n\000\040\000D\000o\000c\000u\000m\000e\000n\000t\000a\000t\000i\000o\000n}{subsection.4.6}
